0 info it worked if it ends with ok
1 verbose cli [ 'node', '/usr/local/bin/npm', 'publish' ]
2 info using npm@1.2.30
3 info using node@v0.10.11
4 verbose publish [ '.' ]
5 verbose read json /Users/ahmedkamel/Documents/localhost/markdown-outline/package.json
6 verbose cache add [ '.', null ]
7 verbose cache add name=undefined spec="." args=[".",null]
8 verbose parsed url { protocol: null,
8 verbose parsed url   slashes: null,
8 verbose parsed url   auth: null,
8 verbose parsed url   host: null,
8 verbose parsed url   port: null,
8 verbose parsed url   hostname: null,
8 verbose parsed url   hash: null,
8 verbose parsed url   search: null,
8 verbose parsed url   query: null,
8 verbose parsed url   pathname: '.',
8 verbose parsed url   path: '.',
8 verbose parsed url   href: '.' }
9 silly lockFile 3a52ce78- .
10 verbose lock . /Users/ahmedkamel/.npm/3a52ce78-.lock
11 verbose read json package.json
12 verbose tar pack [ '/var/folders/60/ldl9djtn47q_s0h4wv3m15y80000gn/T/npm-34445/1387681393925-0.36266999086365104/tmp.tgz',
12 verbose tar pack   '.' ]
13 verbose tarball /var/folders/60/ldl9djtn47q_s0h4wv3m15y80000gn/T/npm-34445/1387681393925-0.36266999086365104/tmp.tgz
14 verbose folder .
15 info prepublish markdown-outline@0.0.1
16 silly lockFile 1f1177db-tar tar://.
17 verbose lock tar://. /Users/ahmedkamel/.npm/1f1177db-tar.lock
18 silly lockFile 155208d9-3925-0-36266999086365104-tmp-tgz tar:///var/folders/60/ldl9djtn47q_s0h4wv3m15y80000gn/T/npm-34445/1387681393925-0.36266999086365104/tmp.tgz
19 verbose lock tar:///var/folders/60/ldl9djtn47q_s0h4wv3m15y80000gn/T/npm-34445/1387681393925-0.36266999086365104/tmp.tgz /Users/ahmedkamel/.npm/155208d9-3925-0-36266999086365104-tmp-tgz.lock
20 silly lockFile 1f1177db-tar tar://.
21 silly lockFile 1f1177db-tar tar://.
22 silly lockFile 155208d9-3925-0-36266999086365104-tmp-tgz tar:///var/folders/60/ldl9djtn47q_s0h4wv3m15y80000gn/T/npm-34445/1387681393925-0.36266999086365104/tmp.tgz
23 silly lockFile 155208d9-3925-0-36266999086365104-tmp-tgz tar:///var/folders/60/ldl9djtn47q_s0h4wv3m15y80000gn/T/npm-34445/1387681393925-0.36266999086365104/tmp.tgz
24 verbose tar unpack /var/folders/60/ldl9djtn47q_s0h4wv3m15y80000gn/T/npm-34445/1387681393925-0.36266999086365104/tmp.tgz
25 silly lockFile 9b3a6d71-3925-0-36266999086365104-package tar:///var/folders/60/ldl9djtn47q_s0h4wv3m15y80000gn/T/npm-34445/1387681393925-0.36266999086365104/package
26 verbose lock tar:///var/folders/60/ldl9djtn47q_s0h4wv3m15y80000gn/T/npm-34445/1387681393925-0.36266999086365104/package /Users/ahmedkamel/.npm/9b3a6d71-3925-0-36266999086365104-package.lock
27 silly lockFile 155208d9-3925-0-36266999086365104-tmp-tgz tar:///var/folders/60/ldl9djtn47q_s0h4wv3m15y80000gn/T/npm-34445/1387681393925-0.36266999086365104/tmp.tgz
28 verbose lock tar:///var/folders/60/ldl9djtn47q_s0h4wv3m15y80000gn/T/npm-34445/1387681393925-0.36266999086365104/tmp.tgz /Users/ahmedkamel/.npm/155208d9-3925-0-36266999086365104-tmp-tgz.lock
29 silly gunzTarPerm modes [ '755', '644' ]
30 silly gunzTarPerm extractEntry package.json
31 silly gunzTarPerm extractEntry README.md
32 silly gunzTarPerm extractEntry LICENSE
33 silly gunzTarPerm extractEntry index.js
34 verbose read json /var/folders/60/ldl9djtn47q_s0h4wv3m15y80000gn/T/npm-34445/1387681393925-0.36266999086365104/package/package.json
35 silly lockFile 9b3a6d71-3925-0-36266999086365104-package tar:///var/folders/60/ldl9djtn47q_s0h4wv3m15y80000gn/T/npm-34445/1387681393925-0.36266999086365104/package
36 silly lockFile 9b3a6d71-3925-0-36266999086365104-package tar:///var/folders/60/ldl9djtn47q_s0h4wv3m15y80000gn/T/npm-34445/1387681393925-0.36266999086365104/package
37 silly lockFile 155208d9-3925-0-36266999086365104-tmp-tgz tar:///var/folders/60/ldl9djtn47q_s0h4wv3m15y80000gn/T/npm-34445/1387681393925-0.36266999086365104/tmp.tgz
38 silly lockFile 155208d9-3925-0-36266999086365104-tmp-tgz tar:///var/folders/60/ldl9djtn47q_s0h4wv3m15y80000gn/T/npm-34445/1387681393925-0.36266999086365104/tmp.tgz
39 verbose from cache /var/folders/60/ldl9djtn47q_s0h4wv3m15y80000gn/T/npm-34445/1387681393925-0.36266999086365104/package/package.json
40 verbose tar pack [ '/Users/ahmedkamel/.npm/markdown-outline/0.0.1/package.tgz',
40 verbose tar pack   '/var/folders/60/ldl9djtn47q_s0h4wv3m15y80000gn/T/npm-34445/1387681393925-0.36266999086365104/package' ]
41 verbose tarball /Users/ahmedkamel/.npm/markdown-outline/0.0.1/package.tgz
42 verbose folder /var/folders/60/ldl9djtn47q_s0h4wv3m15y80000gn/T/npm-34445/1387681393925-0.36266999086365104/package
43 silly lockFile 9b3a6d71-3925-0-36266999086365104-package tar:///var/folders/60/ldl9djtn47q_s0h4wv3m15y80000gn/T/npm-34445/1387681393925-0.36266999086365104/package
44 verbose lock tar:///var/folders/60/ldl9djtn47q_s0h4wv3m15y80000gn/T/npm-34445/1387681393925-0.36266999086365104/package /Users/ahmedkamel/.npm/9b3a6d71-3925-0-36266999086365104-package.lock
45 silly lockFile 24aaf619-rkdown-outline-0-0-1-package-tgz tar:///Users/ahmedkamel/.npm/markdown-outline/0.0.1/package.tgz
46 verbose lock tar:///Users/ahmedkamel/.npm/markdown-outline/0.0.1/package.tgz /Users/ahmedkamel/.npm/24aaf619-rkdown-outline-0-0-1-package-tgz.lock
47 silly lockFile 9b3a6d71-3925-0-36266999086365104-package tar:///var/folders/60/ldl9djtn47q_s0h4wv3m15y80000gn/T/npm-34445/1387681393925-0.36266999086365104/package
48 silly lockFile 9b3a6d71-3925-0-36266999086365104-package tar:///var/folders/60/ldl9djtn47q_s0h4wv3m15y80000gn/T/npm-34445/1387681393925-0.36266999086365104/package
49 silly lockFile 24aaf619-rkdown-outline-0-0-1-package-tgz tar:///Users/ahmedkamel/.npm/markdown-outline/0.0.1/package.tgz
50 silly lockFile 24aaf619-rkdown-outline-0-0-1-package-tgz tar:///Users/ahmedkamel/.npm/markdown-outline/0.0.1/package.tgz
51 silly lockFile 05380260-m-markdown-outline-0-0-1-package /Users/ahmedkamel/.npm/markdown-outline/0.0.1/package
52 verbose lock /Users/ahmedkamel/.npm/markdown-outline/0.0.1/package /Users/ahmedkamel/.npm/05380260-m-markdown-outline-0-0-1-package.lock
53 silly lockFile 05380260-m-markdown-outline-0-0-1-package /Users/ahmedkamel/.npm/markdown-outline/0.0.1/package
54 silly lockFile 05380260-m-markdown-outline-0-0-1-package /Users/ahmedkamel/.npm/markdown-outline/0.0.1/package
55 verbose tar unpack /Users/ahmedkamel/.npm/markdown-outline/0.0.1/package.tgz
56 silly lockFile 3cd97c8d-m-markdown-outline-0-0-1-package tar:///Users/ahmedkamel/.npm/markdown-outline/0.0.1/package
57 verbose lock tar:///Users/ahmedkamel/.npm/markdown-outline/0.0.1/package /Users/ahmedkamel/.npm/3cd97c8d-m-markdown-outline-0-0-1-package.lock
58 silly lockFile 24aaf619-rkdown-outline-0-0-1-package-tgz tar:///Users/ahmedkamel/.npm/markdown-outline/0.0.1/package.tgz
59 verbose lock tar:///Users/ahmedkamel/.npm/markdown-outline/0.0.1/package.tgz /Users/ahmedkamel/.npm/24aaf619-rkdown-outline-0-0-1-package-tgz.lock
60 silly gunzTarPerm modes [ '755', '644' ]
61 silly gunzTarPerm extractEntry package.json
62 silly gunzTarPerm extractEntry README.md
63 silly gunzTarPerm extractEntry LICENSE
64 silly gunzTarPerm extractEntry index.js
65 verbose read json /Users/ahmedkamel/.npm/markdown-outline/0.0.1/package/package.json
66 silly lockFile 3cd97c8d-m-markdown-outline-0-0-1-package tar:///Users/ahmedkamel/.npm/markdown-outline/0.0.1/package
67 silly lockFile 3cd97c8d-m-markdown-outline-0-0-1-package tar:///Users/ahmedkamel/.npm/markdown-outline/0.0.1/package
68 silly lockFile 24aaf619-rkdown-outline-0-0-1-package-tgz tar:///Users/ahmedkamel/.npm/markdown-outline/0.0.1/package.tgz
69 silly lockFile 24aaf619-rkdown-outline-0-0-1-package-tgz tar:///Users/ahmedkamel/.npm/markdown-outline/0.0.1/package.tgz
70 verbose from cache /Users/ahmedkamel/.npm/markdown-outline/0.0.1/package/package.json
71 verbose chmod /Users/ahmedkamel/.npm/markdown-outline/0.0.1/package.tgz 644
72 verbose chown /Users/ahmedkamel/.npm/markdown-outline/0.0.1/package.tgz [ 501, 20 ]
73 silly lockFile 3a52ce78- .
74 silly lockFile 3a52ce78- .
75 silly publish { name: 'markdown-outline',
75 silly publish   description: 'Generate an outline for markdown documents',
75 silly publish   author: { name: 'Ahmed Kamel' },
75 silly publish   version: '0.0.1',
75 silly publish   main: './index.js',
75 silly publish   repository:
75 silly publish    { type: 'git',
75 silly publish      url: 'git://github.com/a7medkamel/markdown-outline.git' },
75 silly publish   homepage: 'https://github.com/a7medkamel/markdown-outline',
75 silly publish   bugs: { url: 'http://github.com/a7medkamel/markdown-outline/issues' },
75 silly publish   keywords: [ 'markdown', 'markup', 'html' ],
75 silly publish   tags: [ 'markdown', 'markup', 'html' ],
75 silly publish   dependencies: { marked: '~0.2.10' },
75 silly publish   readme: 'markdown-outline\n================\n',
75 silly publish   readmeFilename: 'README.md',
75 silly publish   _id: 'markdown-outline@0.0.1',
75 silly publish   dist: { shasum: '5ccec9b32554016a41e7ed47c48f3739a501a480' },
75 silly publish   _from: '.' }
76 error need auth auth and email required for publishing
76 error need auth You need to authorize this machine using `npm adduser`
77 error System Darwin 13.0.0
78 error command "node" "/usr/local/bin/npm" "publish"
79 error cwd /Users/ahmedkamel/Documents/localhost/markdown-outline
80 error node -v v0.10.11
81 error npm -v 1.2.30
82 error code ENEEDAUTH
83 verbose exit [ 1, true ]
